{
  "stats": {
    "suites": 1,
    "tests": 1,
    "passes": 1,
    "pending": 0,
    "failures": 0,
    "start": "2021-03-08T01:04:30.373Z",
    "end": "2021-03-08T01:04:42.837Z",
    "duration": 12464,
    "testsRegistered": 1,
    "passPercent": 100,
    "pendingPercent": 0,
    "other": 0,
    "hasOther": false,
    "skipped": 0,
    "hasSkipped": false
  },
  "results": [
    {
      "uuid": "6a8b029e-1e5d-48a9-b78f-c97a10cca734",
      "title": "",
      "fullFile": "cypress/integration/authentication/register.spec.js",
      "file": "cypress/integration/authentication/register.spec.js",
      "beforeHooks": [],
      "afterHooks": [],
      "tests": [],
      "suites": [
        {
          "uuid": "8f25da62-e036-40f4-afce-db53954f20dc",
          "title": "Register",
          "fullFile": "",
          "file": "",
          "beforeHooks": [],
          "afterHooks": [],
          "tests": [
            {
              "title": "Register user successfully",
              "fullTitle": "Register Register user successfully",
              "timedOut": null,
              "duration": 12383,
              "state": "passed",
              "speed": "slow",
              "pass": true,
              "fail": false,
              "pending": false,
              "context": null,
              "code": "cy.create_account_begin(user.email);\ncy.create_account_gender(user.gender);\ncy.create_account_personal_information(user.first_name, user.last_name, user.email, user.passwd, user.day, user.month, user.year);\ncy.create_account_newsletter_true();\ncy.create_account_recieve_offers_true();\ncy.create_account_address(user.first_name, user.last_name, user.company, user.street, user.street_complement, user.city, user.state, user.postal_code, user.add_info, user.home_phone, user.mobile_phone);\ncy.assertion_user_Logged(\"\".concat(user.first_name, ' ').concat(user.last_name));",
              "err": {},
              "uuid": "05a633bb-b31a-49f6-8c2a-4b16186ac362",
              "parentUUID": "8f25da62-e036-40f4-afce-db53954f20dc",
              "isHook": false,
              "skipped": false
            }
          ],
          "suites": [],
          "passes": [
            "05a633bb-b31a-49f6-8c2a-4b16186ac362"
          ],
          "failures": [],
          "pending": [],
          "skipped": [],
          "duration": 12383,
          "root": false,
          "rootEmpty": false,
          "_timeout": 2000
        }
      ],
      "passes": [],
      "failures": [],
      "pending": [],
      "skipped": [],
      "duration": 0,
      "root": true,
      "rootEmpty": true,
      "_timeout": 2000
    }
  ],
  "meta": {
    "mocha": {
      "version": "7.0.1"
    },
    "mochawesome": {
      "options": {
        "quiet": true,
        "reportFilename": "mochawesome",
        "saveHtml": false,
        "saveJson": true,
        "consoleReporter": "spec",
        "useInlineDiffs": false,
        "code": true
      },
      "version": "6.2.2"
    },
    "marge": {
      "options": {
        "id": "default",
        "reportDir": "mochawesome-report",
        "quiet": true,
        "overwrite": false,
        "html": false,
        "json": true
      },
      "version": "5.2.0"
    }
  }
}