{
  "stats": {
    "suites": 1,
    "tests": 2,
    "passes": 2,
    "pending": 0,
    "failures": 0,
    "start": "2021-03-08T01:04:15.525Z",
    "end": "2021-03-08T01:04:25.238Z",
    "duration": 9713,
    "testsRegistered": 2,
    "passPercent": 100,
    "pendingPercent": 0,
    "other": 0,
    "hasOther": false,
    "skipped": 0,
    "hasSkipped": false
  },
  "results": [
    {
      "uuid": "e5ebb2ce-05d5-4df3-b781-7144f94bb8c9",
      "title": "",
      "fullFile": "cypress/integration/authentication/login.spec.js",
      "file": "cypress/integration/authentication/login.spec.js",
      "beforeHooks": [],
      "afterHooks": [],
      "tests": [],
      "suites": [
        {
          "uuid": "6b8ece82-2fc0-4e26-8156-8792bb721cc2",
          "title": "Login",
          "fullFile": "",
          "file": "",
          "beforeHooks": [],
          "afterHooks": [],
          "tests": [
            {
              "title": "Login successfully",
              "fullTitle": "Login Login successfully",
              "timedOut": null,
              "duration": 6585,
              "state": "passed",
              "speed": "slow",
              "pass": true,
              "fail": false,
              "pending": false,
              "context": null,
              "code": "cy.login(Cypress.env('user'), Cypress.env('pwd')); //Assertion\ncy.assertion_user_Logged(Cypress.env('name'));",
              "err": {},
              "uuid": "8d75997a-422d-45f3-afaf-406760558e1a",
              "parentUUID": "6b8ece82-2fc0-4e26-8156-8792bb721cc2",
              "isHook": false,
              "skipped": false
            },
            {
              "title": "Login unsuccessfully",
              "fullTitle": "Login Login unsuccessfully",
              "timedOut": null,
              "duration": 3021,
              "state": "passed",
              "speed": "slow",
              "pass": true,
              "fail": false,
              "pending": false,
              "context": null,
              "code": "cy.login(Cypress.env('user'), 'PWD_ERROR'); //Assertion\ncy.get('[class=\"alert alert-danger\"]').contains('There is 1 error');\ncy.get('[class=\"alert alert-danger\"]').contains('Authentication failed.');",
              "err": {},
              "uuid": "642142ec-43c7-4313-809c-92140fa20594",
              "parentUUID": "6b8ece82-2fc0-4e26-8156-8792bb721cc2",
              "isHook": false,
              "skipped": false
            }
          ],
          "suites": [],
          "passes": [
            "8d75997a-422d-45f3-afaf-406760558e1a",
            "642142ec-43c7-4313-809c-92140fa20594"
          ],
          "failures": [],
          "pending": [],
          "skipped": [],
          "duration": 9606,
          "root": false,
          "rootEmpty": false,
          "_timeout": 2000
        }
      ],
      "passes": [],
      "failures": [],
      "pending": [],
      "skipped": [],
      "duration": 0,
      "root": true,
      "rootEmpty": true,
      "_timeout": 2000
    }
  ],
  "meta": {
    "mocha": {
      "version": "7.0.1"
    },
    "mochawesome": {
      "options": {
        "quiet": true,
        "reportFilename": "mochawesome",
        "saveHtml": false,
        "saveJson": true,
        "consoleReporter": "spec",
        "useInlineDiffs": false,
        "code": true
      },
      "version": "6.2.2"
    },
    "marge": {
      "options": {
        "id": "default",
        "reportDir": "mochawesome-report",
        "quiet": true,
        "overwrite": false,
        "html": false,
        "json": true
      },
      "version": "5.2.0"
    }
  }
}