{
  "stats": {
    "suites": 1,
    "tests": 2,
    "passes": 2,
    "pending": 0,
    "failures": 0,
    "start": "2021-03-08T00:34:55.363Z",
    "end": "2021-03-08T00:35:08.515Z",
    "duration": 13152,
    "testsRegistered": 2,
    "passPercent": 100,
    "pendingPercent": 0,
    "other": 0,
    "hasOther": false,
    "skipped": 0,
    "hasSkipped": false
  },
  "results": [
    {
      "uuid": "384733f0-d2a9-43b9-8224-bb9f69b6f427",
      "title": "",
      "fullFile": "cypress/integration/authentication/login.spec.js",
      "file": "cypress/integration/authentication/login.spec.js",
      "beforeHooks": [],
      "afterHooks": [],
      "tests": [],
      "suites": [
        {
          "uuid": "ebbc657d-7b67-4aa0-aed2-7c805ccb16dd",
          "title": "Login",
          "fullFile": "",
          "file": "",
          "beforeHooks": [],
          "afterHooks": [],
          "tests": [
            {
              "title": "Login successfully",
              "fullTitle": "Login Login successfully",
              "timedOut": null,
              "duration": 8657,
              "state": "passed",
              "speed": "slow",
              "pass": true,
              "fail": false,
              "pending": false,
              "context": null,
              "code": "cy.login(Cypress.env('user'), Cypress.env('pwd')); //Assertion\ncy.assertion_user_Logged(Cypress.env('name'));",
              "err": {},
              "uuid": "e4cd3071-99b7-4ffa-85f5-663eae6c421f",
              "parentUUID": "ebbc657d-7b67-4aa0-aed2-7c805ccb16dd",
              "isHook": false,
              "skipped": false
            },
            {
              "title": "Login unsuccessfully",
              "fullTitle": "Login Login unsuccessfully",
              "timedOut": null,
              "duration": 4404,
              "state": "passed",
              "speed": "slow",
              "pass": true,
              "fail": false,
              "pending": false,
              "context": null,
              "code": "cy.login(Cypress.env('user'), 'PWD_ERROR'); //Assertion\ncy.get('[class=\"alert alert-danger\"]').contains('There is 1 error');\ncy.get('[class=\"alert alert-danger\"]').contains('Authentication failed.');",
              "err": {},
              "uuid": "d43b7672-5730-41c3-83d1-68a5a4519583",
              "parentUUID": "ebbc657d-7b67-4aa0-aed2-7c805ccb16dd",
              "isHook": false,
              "skipped": false
            }
          ],
          "suites": [],
          "passes": [
            "e4cd3071-99b7-4ffa-85f5-663eae6c421f",
            "d43b7672-5730-41c3-83d1-68a5a4519583"
          ],
          "failures": [],
          "pending": [],
          "skipped": [],
          "duration": 13061,
          "root": false,
          "rootEmpty": false,
          "_timeout": 2000
        }
      ],
      "passes": [],
      "failures": [],
      "pending": [],
      "skipped": [],
      "duration": 0,
      "root": true,
      "rootEmpty": true,
      "_timeout": 2000
    }
  ],
  "meta": {
    "mocha": {
      "version": "7.0.1"
    },
    "mochawesome": {
      "options": {
        "quiet": true,
        "reportFilename": "mochawesome",
        "saveHtml": false,
        "saveJson": true,
        "consoleReporter": "spec",
        "useInlineDiffs": false,
        "code": true
      },
      "version": "6.2.2"
    },
    "marge": {
      "options": {
        "id": "default",
        "reportDir": "mochawesome-report",
        "quiet": true,
        "overwrite": false,
        "html": false,
        "json": true
      },
      "version": "5.2.0"
    }
  }
}